<?xml version="1.0" encoding="UTF-8"?>
<!-- Generated by org.testng.reporters.JUnitXMLReporter -->
<testsuite hostname="fdp" name="BindIdsToQueryParamsTest" tests="2" failures="0" timestamp="11 Jan 2016 17:12:03 GMT" time="0.066" errors="0">
  <testcase name="testWithView" time="0.051" classname="org.jclouds.gogrid.binders.BindIdsToQueryParamsTest"/>
  <testcase name="testWithPrimitive" time="0.051" classname="org.jclouds.gogrid.binders.BindIdsToQueryParamsTest"/>
</testsuite> <!-- BindIdsToQueryParamsTest -->
