<?xml version="1.0" encoding="UTF-8"?>
<!-- Generated by org.testng.reporters.JUnitXMLReporter -->
<testsuite hostname="fdp" name="GoGridProviderTest" tests="4" failures="0" timestamp="11 Jan 2016 17:12:08 GMT" time="0.015" errors="0">
  <testcase name="testAllContains" time="0.0" classname="org.jclouds.gogrid.GoGridProviderTest"/>
  <testcase name="testWithId" time="0.0" classname="org.jclouds.gogrid.GoGridProviderTest"/>
  <testcase name="testOfApiContains" time="0.0" classname="org.jclouds.gogrid.GoGridProviderTest"/>
  <testcase name="testTransformableToContains" time="0.015" classname="org.jclouds.gogrid.GoGridProviderTest"/>
</testsuite> <!-- GoGridProviderTest -->
