<?xml version="1.0" encoding="UTF-8"?>
<!-- Generated by org.testng.reporters.JUnitXMLReporter -->
<testsuite hostname="fdp" name="GridServerClientExpectTest" tests="6" failures="0" timestamp="11 Jan 2016 17:12:07 GMT" time="0.766" errors="0">
  <testcase name="testGetServerCredentialsWhenNotFoundThrowsResourceNotFoundExceptionWithNiceMessage" time="0.609" classname="org.jclouds.gogrid.features.GridServerClientExpectTest"/>
  <testcase name="testGetServerListWhenReponseIs404IsEmpty" time="0.609" classname="org.jclouds.gogrid.features.GridServerClientExpectTest"/>
  <testcase name="testGetServerListWhenResponseIs2xx" time="0.656" classname="org.jclouds.gogrid.features.GridServerClientExpectTest"/>
  <testcase name="testAddServerWhenResponseIs2xx" time="0.672" classname="org.jclouds.gogrid.features.GridServerClientExpectTest"/>
  <testcase name="testAddServerWithOptionsWhenResponseIs2xx" time="0.687" classname="org.jclouds.gogrid.features.GridServerClientExpectTest"/>
  <testcase name="testGetServerListWithOptionsWhenResponseIs2xx" time="0.157" classname="org.jclouds.gogrid.features.GridServerClientExpectTest"/>
</testsuite> <!-- GridServerClientExpectTest -->
