<?xml version="1.0" encoding="UTF-8"?>
<!-- Generated by org.testng.reporters.JUnitXMLReporter -->
<testsuite hostname="fdp" name="GridImageApiTest" tests="7" failures="0" timestamp="11 Jan 2016 17:12:05 GMT" time="1.729" errors="0">
  <testcase name="testDeleteById" time="0.126" classname="org.jclouds.gogrid.features.GridImageApiTest"/>
  <testcase name="testSaveImageFromServerNoOptions" time="0.0" classname="org.jclouds.gogrid.features.GridImageApiTest"/>
  <testcase name="testSaveImageOptions" time="0.0" classname="org.jclouds.gogrid.features.GridImageApiTest"/>
  <testcase name="testEditImageDescription" time="0.182" classname="org.jclouds.gogrid.features.GridImageApiTest"/>
  <testcase name="testEditImageFriendlyName" time="0.182" classname="org.jclouds.gogrid.features.GridImageApiTest"/>
  <testcase name="testGetImageListWithOptions" time="0.182" classname="org.jclouds.gogrid.features.GridImageApiTest"/>
  <testcase name="testGetImagesByName" time="0.182" classname="org.jclouds.gogrid.features.GridImageApiTest"/>
</testsuite> <!-- GridImageApiTest -->
