<?xml version="1.0" encoding="UTF-8"?>
<!-- Generated by org.testng.reporters.JUnitXMLReporter -->
<testsuite hostname="fdp" name="GridLoadBalancerApiTest" tests="6" failures="0" timestamp="11 Jan 2016 17:12:06 GMT" time="0.235" errors="0">
  <testcase name="testGetLoadBalancerList" time="0.078" classname="org.jclouds.gogrid.features.GridLoadBalancerApiTest"/>
  <testcase name="testGetLoadBalancersByName" time="0.0" classname="org.jclouds.gogrid.features.GridLoadBalancerApiTest"/>
  <testcase name="testEditLoadBalancer" time="0.078" classname="org.jclouds.gogrid.features.GridLoadBalancerApiTest"/>
  <testcase name="testDeleteLoadBalancerById" time="0.094" classname="org.jclouds.gogrid.features.GridLoadBalancerApiTest"/>
  <testcase name="testEditLoadBalancerNamed" time="0.094" classname="org.jclouds.gogrid.features.GridLoadBalancerApiTest"/>
  <testcase name="testAddLoadBalancer" time="0.094" classname="org.jclouds.gogrid.features.GridLoadBalancerApiTest"/>
</testsuite> <!-- GridLoadBalancerApiTest -->
