<?xml version="1.0" encoding="UTF-8"?>
<!-- Generated by org.testng.reporters.JUnitXMLReporter -->
<testsuite hostname="fdp" name="GridServerApiTest" tests="11" failures="0" timestamp="11 Jan 2016 17:12:06 GMT" time="0.296" errors="0">
  <testcase name="testEditServerRam" time="0.096" classname="org.jclouds.gogrid.features.GridServerApiTest"/>
  <testcase name="testEditServerDescription" time="0.109" classname="org.jclouds.gogrid.features.GridServerApiTest"/>
  <testcase name="testEditServerType" time="0.109" classname="org.jclouds.gogrid.features.GridServerApiTest"/>
  <testcase name="testGetServersById" time="0.0" classname="org.jclouds.gogrid.features.GridServerApiTest"/>
  <testcase name="testGetServersByName" time="0.015" classname="org.jclouds.gogrid.features.GridServerApiTest"/>
  <testcase name="testDeleteByName" time="0.124" classname="org.jclouds.gogrid.features.GridServerApiTest"/>
  <testcase name="testPowerServer" time="0.0" classname="org.jclouds.gogrid.features.GridServerApiTest"/>
  <testcase name="testTypes" time="0.016" classname="org.jclouds.gogrid.features.GridServerApiTest"/>
  <testcase name="testGetRamSizes" time="0.142" classname="org.jclouds.gogrid.features.GridServerApiTest"/>
  <testcase name="testServerCredentials" time="0.047" classname="org.jclouds.gogrid.features.GridServerApiTest"/>
  <testcase name="testGetServerListWithOptions" time="0.062" classname="org.jclouds.gogrid.features.GridServerApiTest"/>
</testsuite> <!-- GridServerApiTest -->
