<?xml version="1.0" encoding="UTF-8"?>
<!-- Generated by org.testng.reporters.JUnitXMLReporter -->
<testsuite hostname="fdp" name="GridJobApiTest" tests="4" failures="0" timestamp="11 Jan 2016 17:12:06 GMT" time="0.203" errors="0">
  <testcase name="testGetJobListNoOptions" time="0.031" classname="org.jclouds.gogrid.features.GridJobApiTest"/>
  <testcase name="testGetJobsById" time="0.047" classname="org.jclouds.gogrid.features.GridJobApiTest"/>
  <testcase name="testGetJobListWithOptions" time="0.047" classname="org.jclouds.gogrid.features.GridJobApiTest"/>
  <testcase name="testGetJobsForServerName" time="0.047" classname="org.jclouds.gogrid.features.GridJobApiTest"/>
</testsuite> <!-- GridJobApiTest -->
