<?xml version="1.0" encoding="UTF-8"?>
<!-- Generated by org.testng.reporters.JUnitXMLReporter -->
<testsuite hostname="fdp" name="ParseCredentialsFromJsonResponseTest" tests="2" failures="0" timestamp="11 Jan 2016 17:12:07 GMT" time="0.025" errors="0">
  <testcase name="testValid" time="0.018" classname="org.jclouds.gogrid.functions.ParseCredentialsFromJsonResponseTest"/>
  <testcase name="testFailWhenTooManyPasswords" time="0.025" classname="org.jclouds.gogrid.functions.ParseCredentialsFromJsonResponseTest"/>
</testsuite> <!-- ParseCredentialsFromJsonResponseTest -->
