<?xml version="1.0" encoding="UTF-8"?>
<!-- Generated by org.testng.reporters.JUnitXMLReporter -->
<testsuite hostname="fdp" name="SaveImageOptionsTest" tests="7" failures="0" timestamp="11 Jan 2016 17:12:08 GMT" time="0.016" errors="0">
  <testcase name="testAssignability" time="0.0" classname="org.jclouds.gogrid.options.SaveImageOptionsTest"/>
  <testcase name="testWithDescription" time="0.0" classname="org.jclouds.gogrid.options.SaveImageOptionsTest"/>
  <testcase name="testWith500LengthDescription" time="0.0" classname="org.jclouds.gogrid.options.SaveImageOptionsTest"/>
  <testcase name="testWith501LengthDescription" time="0.0" classname="org.jclouds.gogrid.options.SaveImageOptionsTest"/>
  <testcase name="testNullWithDescription" time="0.0" classname="org.jclouds.gogrid.options.SaveImageOptionsTest"/>
  <testcase name="testWithDescriptionStatic" time="0.016" classname="org.jclouds.gogrid.options.SaveImageOptionsTest"/>
  <testcase name="testWithDescriptionNPE" time="0.016" classname="org.jclouds.gogrid.options.SaveImageOptionsTest"/>
</testsuite> <!-- SaveImageOptionsTest -->
