<?xml version="1.0" encoding="UTF-8"?>
<testng-results skipped="0" failed="1" total="1" passed="0">
  <reporter-output>
  </reporter-output>
  <suite name="Default suite" duration-ms="2737" started-at="2016-01-10T13:43:28Z" finished-at="2016-01-10T13:43:31Z">
    <groups>
      <group name="unit">
        <method signature="InstanceApiExpectTest.testListInstancesWhenResponseIs2xx()[pri:0, instance:org.jclouds.ecs.features.InstanceApiExpectTest@119015b]" name="testListInstancesWhenResponseIs2xx" class="org.jclouds.ecs.features.InstanceApiExpectTest"/>
      </group> <!-- unit -->
    </groups>
    <test name="Default test" duration-ms="2737" started-at="2016-01-10T13:43:28Z" finished-at="2016-01-10T13:43:31Z">
      <class name="org.jclouds.ecs.features.InstanceApiExpectTest">
        <test-method status="FAIL" signature="testListInstancesWhenResponseIs2xx()[pri:0, instance:org.jclouds.ecs.features.InstanceApiExpectTest@119015b]" name="testListInstancesWhenResponseIs2xx" duration-ms="2706" started-at="2016-01-10T21:43:28Z" finished-at="2016-01-10T21:43:31Z">
          <exception class="org.jclouds.http.HttpResponseException">
            <message>
              <![CDATA[command: GET https://ecs.aliyuncs.com/?Format=json&Version=2014-05-26&Action=DescribeRegions&RegionId=cn-qingdao HTTP/1.1 failed with response: HTTP/1.1 500 no response configured for request; content: [

----------------------------------------
The following request is not configured:
----------------------------------------
GET https://ecs.aliyuncs.com/?Format=json&Version=2014-05-26&Action=DescribeRegions&RegionId=cn-qingdao&AccessKeyId=bnF9nNdDFCTwM5mF&SignatureMethod=HMAC-SHA1&Timestamp=2016-01-10T13%3A43%3A31Z&SignatureVersion=1.0&SignatureNonce=-1837625731&Signature=uPAlcB5T6djQCS6SjEI6N91FP7I%3D HTTP/1.1
Accept: application/json


----------------------------------------
Configured requests:

----------------------------------------
GET https://ecs.aliyuncs.com/?Format=json&Version=2014-05-26&Action=DescribeRegions&RegionId=cn-qingdao&AccessKeyId=bnF9nNdDFCTwM5mF&SignatureMethod=HMAC-SHA1&Timestamp=2016-01-10T13%3A40%3A34Z&SignatureVersion=1.0&SignatureNonce=1630755302&Signature=8HtY1MFN5UufDWgPWNRSJ5OjkFA%3D HTTP/1.1
Accept: application/json

]]]>
            </message>
            <full-stacktrace>
              <![CDATA[org.jclouds.http.HttpResponseException: command: GET https://ecs.aliyuncs.com/?Format=json&Version=2014-05-26&Action=DescribeRegions&RegionId=cn-qingdao HTTP/1.1 failed with response: HTTP/1.1 500 no response configured for request; content: [

----------------------------------------
The following request is not configured:
----------------------------------------
GET https://ecs.aliyuncs.com/?Format=json&Version=2014-05-26&Action=DescribeRegions&RegionId=cn-qingdao&AccessKeyId=bnF9nNdDFCTwM5mF&SignatureMethod=HMAC-SHA1&Timestamp=2016-01-10T13%3A43%3A31Z&SignatureVersion=1.0&SignatureNonce=-1837625731&Signature=uPAlcB5T6djQCS6SjEI6N91FP7I%3D HTTP/1.1
Accept: application/json


----------------------------------------
Configured requests:

----------------------------------------
GET https://ecs.aliyuncs.com/?Format=json&Version=2014-05-26&Action=DescribeRegions&RegionId=cn-qingdao&AccessKeyId=bnF9nNdDFCTwM5mF&SignatureMethod=HMAC-SHA1&Timestamp=2016-01-10T13%3A40%3A34Z&SignatureVersion=1.0&SignatureNonce=1630755302&Signature=8HtY1MFN5UufDWgPWNRSJ5OjkFA%3D HTTP/1.1
Accept: application/json

]
	at org.jclouds.ecs.handlers.EcsErrorHandler.handleError(EcsErrorHandler.java:52)
	at org.jclouds.http.handlers.DelegatingErrorHandler.handleError(DelegatingErrorHandler.java:67)
	at org.jclouds.http.internal.BaseHttpCommandExecutorService.shouldContinue(BaseHttpCommandExecutorService.java:136)
	at org.jclouds.http.internal.BaseHttpCommandExecutorService.invoke(BaseHttpCommandExecutorService.java:105)
	at org.jclouds.rest.internal.InvokeHttpMethod.invoke(InvokeHttpMethod.java:90)
	at org.jclouds.rest.internal.InvokeHttpMethod.apply(InvokeHttpMethod.java:73)
	at org.jclouds.rest.internal.InvokeHttpMethod.apply(InvokeHttpMethod.java:44)
	at org.jclouds.reflect.FunctionalReflection$FunctionalInvocationHandler.handleInvocation(FunctionalReflection.java:117)
	at com.google.common.reflect.AbstractInvocationHandler.invoke(AbstractInvocationHandler.java:87)
	at com.sun.proxy.$Proxy49.listInstances(Unknown Source)
	at org.jclouds.ecs.features.InstanceApiExpectTest.testListInstancesWhenResponseIs2xx(InstanceApiExpectTest.java:57)
	at sun.reflect.NativeMethodAccessorImpl.invoke0(Native Method)
	at sun.reflect.NativeMethodAccessorImpl.invoke(NativeMethodAccessorImpl.java:57)
	at sun.reflect.DelegatingMethodAccessorImpl.invoke(DelegatingMethodAccessorImpl.java:43)
	at java.lang.reflect.Method.invoke(Method.java:601)
	at org.testng.internal.MethodInvocationHelper.invokeMethod(MethodInvocationHelper.java:84)
	at org.testng.internal.Invoker.invokeMethod(Invoker.java:714)
	at org.testng.internal.Invoker.invokeTestMethod(Invoker.java:901)
	at org.testng.internal.Invoker.invokeTestMethods(Invoker.java:1231)
	at org.testng.internal.TestMethodWorker.invokeTestMethods(TestMethodWorker.java:127)
	at org.testng.internal.TestMethodWorker.run(TestMethodWorker.java:111)
	at org.testng.TestRunner.privateRun(TestRunner.java:767)
	at org.testng.TestRunner.run(TestRunner.java:617)
	at org.testng.SuiteRunner.runTest(SuiteRunner.java:334)
	at org.testng.SuiteRunner.runSequentially(SuiteRunner.java:329)
	at org.testng.SuiteRunner.privateRun(SuiteRunner.java:291)
	at org.testng.SuiteRunner.run(SuiteRunner.java:240)
	at org.testng.SuiteRunnerWorker.runSuite(SuiteRunnerWorker.java:52)
	at org.testng.SuiteRunnerWorker.run(SuiteRunnerWorker.java:86)
	at org.testng.TestNG.runSuitesSequentially(TestNG.java:1224)
	at org.testng.TestNG.runSuitesLocally(TestNG.java:1149)
	at org.testng.TestNG.run(TestNG.java:1057)
	at org.testng.remote.RemoteTestNG.run(RemoteTestNG.java:111)
	at org.testng.remote.RemoteTestNG.initAndRun(RemoteTestNG.java:204)
	at org.testng.remote.RemoteTestNG.main(RemoteTestNG.java:175)
]]>
            </full-stacktrace>
          </exception> <!-- org.jclouds.http.HttpResponseException -->
          <reporter-output>
          </reporter-output>
        </test-method> <!-- testListInstancesWhenResponseIs2xx -->
      </class> <!-- org.jclouds.ecs.features.InstanceApiExpectTest -->
    </test> <!-- Default test -->
  </suite> <!-- Default suite -->
</testng-results>
