<?xml version="1.0" encoding="UTF-8"?>
<testng-results skipped="0" failed="1" total="1" passed="0">
  <reporter-output>
  </reporter-output>
  <suite name="Default suite" duration-ms="1540" started-at="2016-01-10T04:21:15Z" finished-at="2016-01-10T04:21:17Z">
    <groups>
      <group name="unit">
        <method signature="InstanceApiExpectTest.testInstance()[pri:0, instance:org.jclouds.ecs.features.InstanceApiExpectTest@9b027d]" name="testInstance" class="org.jclouds.ecs.features.InstanceApiExpectTest"/>
      </group> <!-- unit -->
    </groups>
    <test name="Default test" duration-ms="1540" started-at="2016-01-10T04:21:15Z" finished-at="2016-01-10T04:21:17Z">
      <class name="org.jclouds.ecs.features.InstanceApiExpectTest">
        <test-method status="FAIL" signature="testInstance()[pri:0, instance:org.jclouds.ecs.features.InstanceApiExpectTest@9b027d]" name="testInstance" duration-ms="1518" started-at="2016-01-10T12:21:15Z" finished-at="2016-01-10T12:21:17Z">
          <exception class="org.jclouds.http.HttpResponseException">
            <message>
              <![CDATA[command: GET https://ecs.aliyuncs.com/?Format=json&Version=2014-05-26&Action=listInstances HTTP/1.1 failed with response: HTTP/1.1 500 no response configured for request; content: [

----------------------------------------
The following request is not configured:
----------------------------------------
GET https://ecs.aliyuncs.com/?Format=json&Version=2014-05-26&Action=listInstances&AccessKeyId=identity&SignatureMethod=HMAC-SHA1&SignatureVersion=1.0&SignatureNonce=1603422683&Signature=4dBiV6f%2B1LhV8dhMnWc7%2Bjhh00w%3D HTTP/1.1
Accept: application/json


----------------------------------------
Configured requests:

----------------------------------------
GET https://ecs.aliyuncs.com/?Format=json&AccessKeyId=Z1mdYKAUt4q2OzyDhSd5qcnMUamQdD&Timestamp=2012-06-01T12%3A00%3A00Z HTTP/1.1

]]]>
            </message>
            <full-stacktrace>
              <![CDATA[org.jclouds.http.HttpResponseException: command: GET https://ecs.aliyuncs.com/?Format=json&Version=2014-05-26&Action=listInstances HTTP/1.1 failed with response: HTTP/1.1 500 no response configured for request; content: [

----------------------------------------
The following request is not configured:
----------------------------------------
GET https://ecs.aliyuncs.com/?Format=json&Version=2014-05-26&Action=listInstances&AccessKeyId=identity&SignatureMethod=HMAC-SHA1&SignatureVersion=1.0&SignatureNonce=1603422683&Signature=4dBiV6f%2B1LhV8dhMnWc7%2Bjhh00w%3D HTTP/1.1
Accept: application/json


----------------------------------------
Configured requests:

----------------------------------------
GET https://ecs.aliyuncs.com/?Format=json&AccessKeyId=Z1mdYKAUt4q2OzyDhSd5qcnMUamQdD&Timestamp=2012-06-01T12%3A00%3A00Z HTTP/1.1

]
	at org.jclouds.ecs.handlers.EcsErrorHandler.handleError(EcsErrorHandler.java:52)
	at org.jclouds.http.handlers.DelegatingErrorHandler.handleError(DelegatingErrorHandler.java:67)
	at org.jclouds.http.internal.BaseHttpCommandExecutorService.shouldContinue(BaseHttpCommandExecutorService.java:136)
	at org.jclouds.http.internal.BaseHttpCommandExecutorService.invoke(BaseHttpCommandExecutorService.java:105)
	at org.jclouds.rest.internal.InvokeHttpMethod.invoke(InvokeHttpMethod.java:90)
	at org.jclouds.rest.internal.InvokeHttpMethod.apply(InvokeHttpMethod.java:73)
	at org.jclouds.rest.internal.InvokeHttpMethod.apply(InvokeHttpMethod.java:44)
	at org.jclouds.reflect.FunctionalReflection$FunctionalInvocationHandler.handleInvocation(FunctionalReflection.java:117)
	at com.google.common.reflect.AbstractInvocationHandler.invoke(AbstractInvocationHandler.java:87)
	at com.sun.proxy.$Proxy49.listInstances(Unknown Source)
	at org.jclouds.ecs.features.InstanceApiExpectTest.testInstance(InstanceApiExpectTest.java:53)
	at sun.reflect.NativeMethodAccessorImpl.invoke0(Native Method)
	at sun.reflect.NativeMethodAccessorImpl.invoke(NativeMethodAccessorImpl.java:57)
	at sun.reflect.DelegatingMethodAccessorImpl.invoke(DelegatingMethodAccessorImpl.java:43)
	at java.lang.reflect.Method.invoke(Method.java:601)
	at org.testng.internal.MethodInvocationHelper.invokeMethod(MethodInvocationHelper.java:84)
	at org.testng.internal.Invoker.invokeMethod(Invoker.java:714)
	at org.testng.internal.Invoker.invokeTestMethod(Invoker.java:901)
	at org.testng.internal.Invoker.invokeTestMethods(Invoker.java:1231)
	at org.testng.internal.TestMethodWorker.invokeTestMethods(TestMethodWorker.java:127)
	at org.testng.internal.TestMethodWorker.run(TestMethodWorker.java:111)
	at org.testng.TestRunner.privateRun(TestRunner.java:767)
	at org.testng.TestRunner.run(TestRunner.java:617)
	at org.testng.SuiteRunner.runTest(SuiteRunner.java:334)
	at org.testng.SuiteRunner.runSequentially(SuiteRunner.java:329)
	at org.testng.SuiteRunner.privateRun(SuiteRunner.java:291)
	at org.testng.SuiteRunner.run(SuiteRunner.java:240)
	at org.testng.SuiteRunnerWorker.runSuite(SuiteRunnerWorker.java:52)
	at org.testng.SuiteRunnerWorker.run(SuiteRunnerWorker.java:86)
	at org.testng.TestNG.runSuitesSequentially(TestNG.java:1224)
	at org.testng.TestNG.runSuitesLocally(TestNG.java:1149)
	at org.testng.TestNG.run(TestNG.java:1057)
	at org.testng.remote.RemoteTestNG.run(RemoteTestNG.java:111)
	at org.testng.remote.RemoteTestNG.initAndRun(RemoteTestNG.java:204)
	at org.testng.remote.RemoteTestNG.main(RemoteTestNG.java:175)
]]>
            </full-stacktrace>
          </exception> <!-- org.jclouds.http.HttpResponseException -->
          <reporter-output>
          </reporter-output>
        </test-method> <!-- testInstance -->
      </class> <!-- org.jclouds.ecs.features.InstanceApiExpectTest -->
    </test> <!-- Default test -->
  </suite> <!-- Default suite -->
</testng-results>
