<?xml version="1.0" encoding="UTF-8"?>
<testng-results skipped="0" failed="1" total="1" passed="0">
  <reporter-output>
  </reporter-output>
  <suite name="Default suite" duration-ms="1809" started-at="2016-01-07T16:01:37Z" finished-at="2016-01-07T16:01:39Z">
    <groups>
      <group name="unit">
        <method signature="ClientTest.test1()[pri:0, instance:org.jclouds.test.aliyun.ecs.ClientTest@19febb9]" name="test1" class="org.jclouds.test.aliyun.ecs.ClientTest"/>
      </group> <!-- unit -->
    </groups>
    <test name="Default test" duration-ms="1809" started-at="2016-01-07T16:01:37Z" finished-at="2016-01-07T16:01:39Z">
      <class name="org.jclouds.test.aliyun.ecs.ClientTest">
        <test-method status="FAIL" signature="test1()[pri:0, instance:org.jclouds.test.aliyun.ecs.ClientTest@19febb9]" name="test1" duration-ms="1794" started-at="2016-01-08T00:01:37Z" finished-at="2016-01-08T00:01:39Z">
          <exception class="java.lang.NullPointerException">
            <message>
              <![CDATA[at index 0]]>
            </message>
            <full-stacktrace>
              <![CDATA[java.lang.NullPointerException: at index 0
	at com.google.common.collect.ObjectArrays.checkElementNotNull(ObjectArrays.java:240)
	at com.google.common.collect.ObjectArrays.checkElementsNotNull(ObjectArrays.java:231)
	at com.google.common.collect.ObjectArrays.checkElementsNotNull(ObjectArrays.java:226)
	at com.google.common.collect.ImmutableList.construct(ImmutableList.java:303)
	at com.google.common.collect.ImmutableList.of(ImmutableList.java:98)
	at com.google.common.collect.Iterables.concat(Iterables.java:431)
	at org.jclouds.compute.suppliers.ImageCacheSupplier.get(ImageCacheSupplier.java:64)
	at org.jclouds.compute.suppliers.ImageCacheSupplier.get(ImageCacheSupplier.java:45)
	at org.jclouds.compute.internal.BaseComputeService.listImages(BaseComputeService.java:377)
	at org.jclouds.test.aliyun.ecs.ClientTest.test1(ClientTest.java:30)
	at sun.reflect.NativeMethodAccessorImpl.invoke0(Native Method)
	at sun.reflect.NativeMethodAccessorImpl.invoke(NativeMethodAccessorImpl.java:57)
	at sun.reflect.DelegatingMethodAccessorImpl.invoke(DelegatingMethodAccessorImpl.java:43)
	at java.lang.reflect.Method.invoke(Method.java:601)
	at org.testng.internal.MethodInvocationHelper.invokeMethod(MethodInvocationHelper.java:84)
	at org.testng.internal.Invoker.invokeMethod(Invoker.java:714)
	at org.testng.internal.Invoker.invokeTestMethod(Invoker.java:901)
	at org.testng.internal.Invoker.invokeTestMethods(Invoker.java:1231)
	at org.testng.internal.TestMethodWorker.invokeTestMethods(TestMethodWorker.java:127)
	at org.testng.internal.TestMethodWorker.run(TestMethodWorker.java:111)
	at org.testng.TestRunner.privateRun(TestRunner.java:767)
	at org.testng.TestRunner.run(TestRunner.java:617)
	at org.testng.SuiteRunner.runTest(SuiteRunner.java:334)
	at org.testng.SuiteRunner.runSequentially(SuiteRunner.java:329)
	at org.testng.SuiteRunner.privateRun(SuiteRunner.java:291)
	at org.testng.SuiteRunner.run(SuiteRunner.java:240)
	at org.testng.SuiteRunnerWorker.runSuite(SuiteRunnerWorker.java:52)
	at org.testng.SuiteRunnerWorker.run(SuiteRunnerWorker.java:86)
	at org.testng.TestNG.runSuitesSequentially(TestNG.java:1224)
	at org.testng.TestNG.runSuitesLocally(TestNG.java:1149)
	at org.testng.TestNG.run(TestNG.java:1057)
	at org.testng.remote.RemoteTestNG.run(RemoteTestNG.java:111)
	at org.testng.remote.RemoteTestNG.initAndRun(RemoteTestNG.java:204)
	at org.testng.remote.RemoteTestNG.main(RemoteTestNG.java:175)
]]>
            </full-stacktrace>
          </exception> <!-- java.lang.NullPointerException -->
          <reporter-output>
          </reporter-output>
        </test-method> <!-- test1 -->
      </class> <!-- org.jclouds.test.aliyun.ecs.ClientTest -->
    </test> <!-- Default test -->
  </suite> <!-- Default suite -->
</testng-results>
