<?xml version="1.0" encoding="UTF-8"?>
<!-- Generated by org.testng.reporters.JUnitXMLReporter -->
<testsuite hostname="fdp" name="Default test" tests="1" failures="1" timestamp="7 Jan 2016 15:28:59 GMT" time="1.232" errors="0">
  <testcase name="testAssignability" time="1.186" classname="org.jclouds.ecs.EcsContextBuilderText">
    <failure type="com.google.inject.CreationException" message="Guice creation errors:

1) No implementation for java.lang.String annotated with @com.google.inject.name.Named(value=jclouds.aws.header.tag) was bound.
  while locating java.lang.String annotated with @com.google.inject.name.Named(value=jclouds.aws.header.tag)
    for parameter 0 at org.jclouds.aws.util.AWSUtils.&amp;lt;init&amp;gt;(AWSUtils.java:76)
  while locating org.jclouds.aws.util.AWSUtils
    for parameter 0 at org.jclouds.aws.handlers.ParseAWSErrorFromXmlContent.&amp;lt;init&amp;gt;(ParseAWSErrorFromXmlContent.java:58)
  at org.jclouds.aws.config.AWSHttpApiModule.bindErrorHandlers(AWSHttpApiModule.java:65)

2) No implementation for java.lang.String annotated with @com.google.inject.name.Named(value=jclouds.aws.header.tag) was bound.
  while locating java.lang.String annotated with @com.google.inject.name.Named(value=jclouds.aws.header.tag)
    for parameter 0 at org.jclouds.aws.util.AWSUtils.&amp;lt;init&amp;gt;(AWSUtils.java:76)
  while locating org.jclouds.aws.util.AWSUtils
    for parameter 0 at org.jclouds.aws.handlers.ParseAWSErrorFromXmlContent.&amp;lt;init&amp;gt;(ParseAWSErrorFromXmlContent.java:58)
  at org.jclouds.aws.config.AWSHttpApiModule.bindErrorHandlers(AWSHttpApiModule.java:66)

3) No implementation for java.lang.String annotated with @com.google.inject.name.Named(value=jclouds.aws.header.tag) was bound.
  while locating java.lang.String annotated with @com.google.inject.name.Named(value=jclouds.aws.header.tag)
    for parameter 0 at org.jclouds.aws.util.AWSUtils.&amp;lt;init&amp;gt;(AWSUtils.java:76)
  while locating org.jclouds.aws.util.AWSUtils
    for parameter 0 at org.jclouds.aws.handlers.ParseAWSErrorFromXmlContent.&amp;lt;init&amp;gt;(ParseAWSErrorFromXmlContent.java:58)
  at org.jclouds.aws.config.AWSHttpApiModule.bindErrorHandlers(AWSHttpApiModule.java:67)

4) No implementation for java.lang.String annotated with @com.google.inject.name.Named(value=jclouds.aws.header.tag) was bound.
  while locating java.lang.String annotated with @com.google.inject.name.Named(value=jclouds.aws.header.tag)
    for parameter 0 at org.jclouds.aws.util.AWSUtils.&amp;lt;init&amp;gt;(AWSUtils.java:76)
  while locating org.jclouds.aws.util.AWSUtils
    for parameter 0 at org.jclouds.aws.handlers.AWSClientErrorRetryHandler.&amp;lt;init&amp;gt;(AWSClientErrorRetryHandler.java:44)
  at org.jclouds.aws.config.AWSHttpApiModule.bindRetryHandlers(AWSHttpApiModule.java:72)

5) No implementation for java.lang.String annotated with @com.google.inject.name.Named(value=jclouds.aws.header.tag) was bound.
  while locating java.lang.String annotated with @com.google.inject.name.Named(value=jclouds.aws.header.tag)
    for parameter 0 at org.jclouds.aws.util.AWSUtils.&amp;lt;init&amp;gt;(AWSUtils.java:76)
  while locating org.jclouds.aws.util.AWSUtils
    for parameter 0 at org.jclouds.aws.handlers.AWSServerErrorRetryHandler.&amp;lt;init&amp;gt;(AWSServerErrorRetryHandler.java:44)
  at org.jclouds.aws.config.AWSHttpApiModule.bindRetryHandlers(AWSHttpApiModule.java:73)

6) No implementation for org.jclouds.compute.strategy.CreateNodeWithGroupEncodedIntoName was bound.
  while locating org.jclouds.compute.strategy.CreateNodeWithGroupEncodedIntoName
    for parameter 0 at org.jclouds.compute.strategy.impl.CreateNodesWithGroupEncodedIntoNameThenAddToSet.&amp;lt;init&amp;gt;(CreateNodesWithGroupEncodedIntoNameThenAddToSet.java:105)
  while locating org.jclouds.compute.strategy.CreateNodesInGroupThenAddToSet
    for parameter 8 at org.jclouds.ecs.compute.EcsComputeService.&amp;lt;init&amp;gt;(EcsComputeService.java:96)
  at org.jclouds.ecs.compute.config.EcsComputeServiceContextModule.configure(EcsComputeServiceContextModule.java:33)

7) No implementation for org.jclouds.compute.strategy.DestroyNodeStrategy was bound.
  while locating org.jclouds.compute.strategy.DestroyNodeStrategy
    for parameter 10 at org.jclouds.ecs.compute.EcsComputeService.&amp;lt;init&amp;gt;(EcsComputeService.java:96)
  at org.jclouds.ecs.compute.config.EcsComputeServiceContextModule.configure(EcsComputeServiceContextModule.java:33)

8) No implementation for org.jclouds.compute.strategy.GetImageStrategy was bound.
  while locating org.jclouds.compute.strategy.GetImageStrategy
    for parameter 6 at org.jclouds.compute.domain.internal.TemplateBuilderImpl.&amp;lt;init&amp;gt;(TemplateBuilderImpl.java:136)
  while locating com.google.inject.Provider&amp;lt;org.jclouds.compute.domain.TemplateBuilder&amp;gt;
    for parameter 13 at org.jclouds.ecs.compute.EcsComputeService.&amp;lt;init&amp;gt;(EcsComputeService.java:96)
  at org.jclouds.ecs.compute.config.EcsComputeServiceContextModule.configure(EcsComputeServiceContextModule.java:33)

9) No implementation for org.jclouds.compute.strategy.GetImageStrategy was bound.
  while locating org.jclouds.compute.strategy.GetImageStrategy
    for parameter 6 at org.jclouds.compute.domain.internal.TemplateBuilderImpl.&amp;lt;init&amp;gt;(TemplateBuilderImpl.java:136)
  at org.jclouds.compute.config.BaseComputeServiceContextModule.provideTemplateOptionallyFromProperties(BaseComputeServiceContextModule.java:183)

10) No implementation for org.jclouds.compute.strategy.GetImageStrategy was bound.
  while locating org.jclouds.compute.strategy.GetImageStrategy
    for parameter 0 at org.jclouds.compute.predicates.AtomicImageAvailable.&amp;lt;init&amp;gt;(AtomicImageAvailable.java:37)
  at org.jclouds.compute.config.ComputeServiceTimeoutsModule.imageAvailable(ComputeServiceTimeoutsModule.java:93)

11) No implementation for org.jclouds.compute.strategy.GetImageStrategy was bound.
  while locating org.jclouds.compute.strategy.GetImageStrategy
    for parameter 0 at org.jclouds.compute.predicates.AtomicImageDeleted.&amp;lt;init&amp;gt;(AtomicImageDeleted.java:34)
  at org.jclouds.compute.config.ComputeServiceTimeoutsModule.serverDeleted(ComputeServiceTimeoutsModule.java:102)

12) No implementation for org.jclouds.compute.strategy.GetImageStrategy was bound.
  while locating org.jclouds.compute.strategy.GetImageStrategy
    for parameter 6 at org.jclouds.ecs.compute.EcsComputeService.&amp;lt;init&amp;gt;(EcsComputeService.java:96)
  at org.jclouds.ecs.compute.config.EcsComputeServiceContextModule.configure(EcsComputeServiceContextModule.java:33)

13) No implementation for org.jclouds.compute.strategy.GetNodeMetadataStrategy was bound.
  while locating org.jclouds.compute.strategy.GetNodeMetadataStrategy
    for parameter 0 at org.jclouds.compute.predicates.AtomicNodeRunning.&amp;lt;init&amp;gt;(AtomicNodeRunning.java:37)
  at org.jclouds.compute.config.ComputeServiceTimeoutsModule.nodeRunning(ComputeServiceTimeoutsModule.java:59)

14) No implementation for org.jclouds.compute.strategy.GetNodeMetadataStrategy was bound.
  while locating org.jclouds.compute.strategy.GetNodeMetadataStrategy
    for parameter 0 at org.jclouds.compute.predicates.AtomicNodeSuspended.&amp;lt;init&amp;gt;(AtomicNodeSuspended.java:37)
  at org.jclouds.compute.config.ComputeServiceTimeoutsModule.serverSuspended(ComputeServiceTimeoutsModule.java:77)

15) No implementation for org.jclouds.compute.strategy.GetNodeMetadataStrategy was bound.
  while locating org.jclouds.compute.strategy.GetNodeMetadataStrategy
    for parameter 0 at org.jclouds.compute.predicates.AtomicNodeTerminated.&amp;lt;init&amp;gt;(AtomicNodeTerminated.java:34)
  at org.jclouds.compute.config.ComputeServiceTimeoutsModule.serverTerminated(ComputeServiceTimeoutsModule.java:68)

16) No implementation for org.jclouds.compute.strategy.GetNodeMetadataStrategy was bound.
  while locating org.jclouds.compute.strategy.GetNodeMetadataStrategy
    for parameter 7 at org.jclouds.ecs.compute.EcsComputeService.&amp;lt;init&amp;gt;(EcsComputeService.java:96)
  at org.jclouds.ecs.compute.config.EcsComputeServiceContextModule.configure(EcsComputeServiceContextModule.java:33)

17) No implementation for org.jclouds.compute.strategy.ListNodesStrategy was bound.
  while locating org.jclouds.compute.strategy.ListNodesStrategy
    for parameter 1 at org.jclouds.compute.strategy.impl.CreateNodesWithGroupEncodedIntoNameThenAddToSet.&amp;lt;init&amp;gt;(CreateNodesWithGroupEncodedIntoNameThenAddToSet.java:105)
  while locating org.jclouds.compute.strategy.CreateNodesInGroupThenAddToSet
    for parameter 8 at org.jclouds.ecs.compute.EcsComputeService.&amp;lt;init&amp;gt;(EcsComputeService.java:96)
  at org.jclouds.ecs.compute.config.EcsComputeServiceContextModule.configure(EcsComputeServiceContextModule.java:33)

18) No implementation for org.jclouds.compute.strategy.ListNodesStrategy was bound.
  while locating org.jclouds.compute.strategy.ListNodesStrategy
    for parameter 5 at org.jclouds.ecs.compute.EcsComputeService.&amp;lt;init&amp;gt;(EcsComputeService.java:96)
  at org.jclouds.ecs.compute.config.EcsComputeServiceContextModule.configure(EcsComputeServiceContextModule.java:33)

19) No implementation for org.jclouds.compute.strategy.RebootNodeStrategy was bound.
  while locating org.jclouds.compute.strategy.RebootNodeStrategy
    for parameter 9 at org.jclouds.ecs.compute.EcsComputeService.&amp;lt;init&amp;gt;(EcsComputeService.java:96)
  at org.jclouds.ecs.compute.config.EcsComputeServiceContextModule.configure(EcsComputeServiceContextModule.java:33)

20) No implementation for org.jclouds.compute.strategy.ResumeNodeStrategy was bound.
  while locating org.jclouds.compute.strategy.ResumeNodeStrategy
    for parameter 11 at org.jclouds.ecs.compute.EcsComputeService.&amp;lt;init&amp;gt;(EcsComputeService.java:96)
  at org.jclouds.ecs.compute.config.EcsComputeServiceContextModule.configure(EcsComputeServiceContextModule.java:33)

21) No implementation for org.jclouds.compute.strategy.SuspendNodeStrategy was bound.
  while locating org.jclouds.compute.strategy.SuspendNodeStrategy
    for parameter 12 at org.jclouds.ecs.compute.EcsComputeService.&amp;lt;init&amp;gt;(EcsComputeService.java:96)
  at org.jclouds.ecs.compute.config.EcsComputeServiceContextModule.configure(EcsComputeServiceContextModule.java:33)

22) No implementation for com.google.common.base.Supplier&amp;lt;java.util.Set&amp;lt;? extends org.jclouds.compute.domain.Image&amp;gt;&amp;gt; was bound.
  at org.jclouds.compute.config.BaseComputeServiceContextModule.supplyImageCache(BaseComputeServiceContextModule.java:239)

23) No implementation for com.google.common.base.Supplier&amp;lt;java.util.Set&amp;lt;? extends org.jclouds.compute.domain.Hardware&amp;gt;&amp;gt; was bound.
  at org.jclouds.compute.config.BaseComputeServiceContextModule.supplySizeCache(BaseComputeServiceContextModule.java:289)

23 errors">
      <![CDATA[com.google.inject.CreationException: Guice creation errors:

1) No implementation for java.lang.String annotated with @com.google.inject.name.Named(value=jclouds.aws.header.tag) was bound.
  while locating java.lang.String annotated with @com.google.inject.name.Named(value=jclouds.aws.header.tag)
    for parameter 0 at org.jclouds.aws.util.AWSUtils.<init>(AWSUtils.java:76)
  while locating org.jclouds.aws.util.AWSUtils
    for parameter 0 at org.jclouds.aws.handlers.ParseAWSErrorFromXmlContent.<init>(ParseAWSErrorFromXmlContent.java:58)
  at org.jclouds.aws.config.AWSHttpApiModule.bindErrorHandlers(AWSHttpApiModule.java:65)

2) No implementation for java.lang.String annotated with @com.google.inject.name.Named(value=jclouds.aws.header.tag) was bound.
  while locating java.lang.String annotated with @com.google.inject.name.Named(value=jclouds.aws.header.tag)
    for parameter 0 at org.jclouds.aws.util.AWSUtils.<init>(AWSUtils.java:76)
  while locating org.jclouds.aws.util.AWSUtils
    for parameter 0 at org.jclouds.aws.handlers.ParseAWSErrorFromXmlContent.<init>(ParseAWSErrorFromXmlContent.java:58)
  at org.jclouds.aws.config.AWSHttpApiModule.bindErrorHandlers(AWSHttpApiModule.java:66)

3) No implementation for java.lang.String annotated with @com.google.inject.name.Named(value=jclouds.aws.header.tag) was bound.
  while locating java.lang.String annotated with @com.google.inject.name.Named(value=jclouds.aws.header.tag)
    for parameter 0 at org.jclouds.aws.util.AWSUtils.<init>(AWSUtils.java:76)
  while locating org.jclouds.aws.util.AWSUtils
    for parameter 0 at org.jclouds.aws.handlers.ParseAWSErrorFromXmlContent.<init>(ParseAWSErrorFromXmlContent.java:58)
  at org.jclouds.aws.config.AWSHttpApiModule.bindErrorHandlers(AWSHttpApiModule.java:67)

4) No implementation for java.lang.String annotated with @com.google.inject.name.Named(value=jclouds.aws.header.tag) was bound.
  while locating java.lang.String annotated with @com.google.inject.name.Named(value=jclouds.aws.header.tag)
    for parameter 0 at org.jclouds.aws.util.AWSUtils.<init>(AWSUtils.java:76)
  while locating org.jclouds.aws.util.AWSUtils
    for parameter 0 at org.jclouds.aws.handlers.AWSClientErrorRetryHandler.<init>(AWSClientErrorRetryHandler.java:44)
  at org.jclouds.aws.config.AWSHttpApiModule.bindRetryHandlers(AWSHttpApiModule.java:72)

5) No implementation for java.lang.String annotated with @com.google.inject.name.Named(value=jclouds.aws.header.tag) was bound.
  while locating java.lang.String annotated with @com.google.inject.name.Named(value=jclouds.aws.header.tag)
    for parameter 0 at org.jclouds.aws.util.AWSUtils.<init>(AWSUtils.java:76)
  while locating org.jclouds.aws.util.AWSUtils
    for parameter 0 at org.jclouds.aws.handlers.AWSServerErrorRetryHandler.<init>(AWSServerErrorRetryHandler.java:44)
  at org.jclouds.aws.config.AWSHttpApiModule.bindRetryHandlers(AWSHttpApiModule.java:73)

6) No implementation for org.jclouds.compute.strategy.CreateNodeWithGroupEncodedIntoName was bound.
  while locating org.jclouds.compute.strategy.CreateNodeWithGroupEncodedIntoName
    for parameter 0 at org.jclouds.compute.strategy.impl.CreateNodesWithGroupEncodedIntoNameThenAddToSet.<init>(CreateNodesWithGroupEncodedIntoNameThenAddToSet.java:105)
  while locating org.jclouds.compute.strategy.CreateNodesInGroupThenAddToSet
    for parameter 8 at org.jclouds.ecs.compute.EcsComputeService.<init>(EcsComputeService.java:96)
  at org.jclouds.ecs.compute.config.EcsComputeServiceContextModule.configure(EcsComputeServiceContextModule.java:33)

7) No implementation for org.jclouds.compute.strategy.DestroyNodeStrategy was bound.
  while locating org.jclouds.compute.strategy.DestroyNodeStrategy
    for parameter 10 at org.jclouds.ecs.compute.EcsComputeService.<init>(EcsComputeService.java:96)
  at org.jclouds.ecs.compute.config.EcsComputeServiceContextModule.configure(EcsComputeServiceContextModule.java:33)

8) No implementation for org.jclouds.compute.strategy.GetImageStrategy was bound.
  while locating org.jclouds.compute.strategy.GetImageStrategy
    for parameter 6 at org.jclouds.compute.domain.internal.TemplateBuilderImpl.<init>(TemplateBuilderImpl.java:136)
  while locating com.google.inject.Provider<org.jclouds.compute.domain.TemplateBuilder>
    for parameter 13 at org.jclouds.ecs.compute.EcsComputeService.<init>(EcsComputeService.java:96)
  at org.jclouds.ecs.compute.config.EcsComputeServiceContextModule.configure(EcsComputeServiceContextModule.java:33)

9) No implementation for org.jclouds.compute.strategy.GetImageStrategy was bound.
  while locating org.jclouds.compute.strategy.GetImageStrategy
    for parameter 6 at org.jclouds.compute.domain.internal.TemplateBuilderImpl.<init>(TemplateBuilderImpl.java:136)
  at org.jclouds.compute.config.BaseComputeServiceContextModule.provideTemplateOptionallyFromProperties(BaseComputeServiceContextModule.java:183)

10) No implementation for org.jclouds.compute.strategy.GetImageStrategy was bound.
  while locating org.jclouds.compute.strategy.GetImageStrategy
    for parameter 0 at org.jclouds.compute.predicates.AtomicImageAvailable.<init>(AtomicImageAvailable.java:37)
  at org.jclouds.compute.config.ComputeServiceTimeoutsModule.imageAvailable(ComputeServiceTimeoutsModule.java:93)

11) No implementation for org.jclouds.compute.strategy.GetImageStrategy was bound.
  while locating org.jclouds.compute.strategy.GetImageStrategy
    for parameter 0 at org.jclouds.compute.predicates.AtomicImageDeleted.<init>(AtomicImageDeleted.java:34)
  at org.jclouds.compute.config.ComputeServiceTimeoutsModule.serverDeleted(ComputeServiceTimeoutsModule.java:102)

12) No implementation for org.jclouds.compute.strategy.GetImageStrategy was bound.
  while locating org.jclouds.compute.strategy.GetImageStrategy
    for parameter 6 at org.jclouds.ecs.compute.EcsComputeService.<init>(EcsComputeService.java:96)
  at org.jclouds.ecs.compute.config.EcsComputeServiceContextModule.configure(EcsComputeServiceContextModule.java:33)

13) No implementation for org.jclouds.compute.strategy.GetNodeMetadataStrategy was bound.
  while locating org.jclouds.compute.strategy.GetNodeMetadataStrategy
    for parameter 0 at org.jclouds.compute.predicates.AtomicNodeRunning.<init>(AtomicNodeRunning.java:37)
  at org.jclouds.compute.config.ComputeServiceTimeoutsModule.nodeRunning(ComputeServiceTimeoutsModule.java:59)

14) No implementation for org.jclouds.compute.strategy.GetNodeMetadataStrategy was bound.
  while locating org.jclouds.compute.strategy.GetNodeMetadataStrategy
    for parameter 0 at org.jclouds.compute.predicates.AtomicNodeSuspended.<init>(AtomicNodeSuspended.java:37)
  at org.jclouds.compute.config.ComputeServiceTimeoutsModule.serverSuspended(ComputeServiceTimeoutsModule.java:77)

15) No implementation for org.jclouds.compute.strategy.GetNodeMetadataStrategy was bound.
  while locating org.jclouds.compute.strategy.GetNodeMetadataStrategy
    for parameter 0 at org.jclouds.compute.predicates.AtomicNodeTerminated.<init>(AtomicNodeTerminated.java:34)
  at org.jclouds.compute.config.ComputeServiceTimeoutsModule.serverTerminated(ComputeServiceTimeoutsModule.java:68)

16) No implementation for org.jclouds.compute.strategy.GetNodeMetadataStrategy was bound.
  while locating org.jclouds.compute.strategy.GetNodeMetadataStrategy
    for parameter 7 at org.jclouds.ecs.compute.EcsComputeService.<init>(EcsComputeService.java:96)
  at org.jclouds.ecs.compute.config.EcsComputeServiceContextModule.configure(EcsComputeServiceContextModule.java:33)

17) No implementation for org.jclouds.compute.strategy.ListNodesStrategy was bound.
  while locating org.jclouds.compute.strategy.ListNodesStrategy
    for parameter 1 at org.jclouds.compute.strategy.impl.CreateNodesWithGroupEncodedIntoNameThenAddToSet.<init>(CreateNodesWithGroupEncodedIntoNameThenAddToSet.java:105)
  while locating org.jclouds.compute.strategy.CreateNodesInGroupThenAddToSet
    for parameter 8 at org.jclouds.ecs.compute.EcsComputeService.<init>(EcsComputeService.java:96)
  at org.jclouds.ecs.compute.config.EcsComputeServiceContextModule.configure(EcsComputeServiceContextModule.java:33)

18) No implementation for org.jclouds.compute.strategy.ListNodesStrategy was bound.
  while locating org.jclouds.compute.strategy.ListNodesStrategy
    for parameter 5 at org.jclouds.ecs.compute.EcsComputeService.<init>(EcsComputeService.java:96)
  at org.jclouds.ecs.compute.config.EcsComputeServiceContextModule.configure(EcsComputeServiceContextModule.java:33)

19) No implementation for org.jclouds.compute.strategy.RebootNodeStrategy was bound.
  while locating org.jclouds.compute.strategy.RebootNodeStrategy
    for parameter 9 at org.jclouds.ecs.compute.EcsComputeService.<init>(EcsComputeService.java:96)
  at org.jclouds.ecs.compute.config.EcsComputeServiceContextModule.configure(EcsComputeServiceContextModule.java:33)

20) No implementation for org.jclouds.compute.strategy.ResumeNodeStrategy was bound.
  while locating org.jclouds.compute.strategy.ResumeNodeStrategy
    for parameter 11 at org.jclouds.ecs.compute.EcsComputeService.<init>(EcsComputeService.java:96)
  at org.jclouds.ecs.compute.config.EcsComputeServiceContextModule.configure(EcsComputeServiceContextModule.java:33)

21) No implementation for org.jclouds.compute.strategy.SuspendNodeStrategy was bound.
  while locating org.jclouds.compute.strategy.SuspendNodeStrategy
    for parameter 12 at org.jclouds.ecs.compute.EcsComputeService.<init>(EcsComputeService.java:96)
  at org.jclouds.ecs.compute.config.EcsComputeServiceContextModule.configure(EcsComputeServiceContextModule.java:33)

22) No implementation for com.google.common.base.Supplier<java.util.Set<? extends org.jclouds.compute.domain.Image>> was bound.
  at org.jclouds.compute.config.BaseComputeServiceContextModule.supplyImageCache(BaseComputeServiceContextModule.java:239)

23) No implementation for com.google.common.base.Supplier<java.util.Set<? extends org.jclouds.compute.domain.Hardware>> was bound.
  at org.jclouds.compute.config.BaseComputeServiceContextModule.supplySizeCache(BaseComputeServiceContextModule.java:289)

23 errors
	at com.google.inject.internal.Errors.throwCreationExceptionIfErrorsExist(Errors.java:435)
	at com.google.inject.internal.InternalInjectorCreator.initializeStatically(InternalInjectorCreator.java:154)
	at com.google.inject.internal.InternalInjectorCreator.build(InternalInjectorCreator.java:106)
	at com.google.inject.Guice.createInjector(Guice.java:95)
	at org.jclouds.ContextBuilder.buildInjector(ContextBuilder.java:402)
	at org.jclouds.ContextBuilder.buildInjector(ContextBuilder.java:326)
	at org.jclouds.ContextBuilder.buildView(ContextBuilder.java:608)
	at org.jclouds.ecs.EcsContextBuilderText.testAssignability(EcsContextBuilderText.java:30)
	at sun.reflect.NativeMethodAccessorImpl.invoke0(Native Method)
	at sun.reflect.NativeMethodAccessorImpl.invoke(NativeMethodAccessorImpl.java:57)
	at sun.reflect.DelegatingMethodAccessorImpl.invoke(DelegatingMethodAccessorImpl.java:43)
	at java.lang.reflect.Method.invoke(Method.java:601)
	at org.testng.internal.MethodInvocationHelper.invokeMethod(MethodInvocationHelper.java:84)
	at org.testng.internal.Invoker.invokeMethod(Invoker.java:714)
	at org.testng.internal.Invoker.invokeTestMethod(Invoker.java:901)
	at org.testng.internal.Invoker.invokeTestMethods(Invoker.java:1231)
	at org.testng.internal.TestMethodWorker.invokeTestMethods(TestMethodWorker.java:127)
	at org.testng.internal.TestMethodWorker.run(TestMethodWorker.java:111)
	at org.testng.TestRunner.privateRun(TestRunner.java:767)
	at org.testng.TestRunner.run(TestRunner.java:617)
	at org.testng.SuiteRunner.runTest(SuiteRunner.java:334)
	at org.testng.SuiteRunner.runSequentially(SuiteRunner.java:329)
	at org.testng.SuiteRunner.privateRun(SuiteRunner.java:291)
	at org.testng.SuiteRunner.run(SuiteRunner.java:240)
	at org.testng.SuiteRunnerWorker.runSuite(SuiteRunnerWorker.java:52)
	at org.testng.SuiteRunnerWorker.run(SuiteRunnerWorker.java:86)
	at org.testng.TestNG.runSuitesSequentially(TestNG.java:1224)
	at org.testng.TestNG.runSuitesLocally(TestNG.java:1149)
	at org.testng.TestNG.run(TestNG.java:1057)
	at org.testng.remote.RemoteTestNG.run(RemoteTestNG.java:111)
	at org.testng.remote.RemoteTestNG.initAndRun(RemoteTestNG.java:204)
	at org.testng.remote.RemoteTestNG.main(RemoteTestNG.java:175)
]]>
    </failure>
  </testcase> <!-- testAssignability -->
</testsuite> <!-- Default test -->
