<?xml version="1.0" encoding="UTF-8"?>
<!-- Generated by org.testng.reporters.JUnitXMLReporter -->
<testsuite hostname="fdp" name="Default test" tests="3" failures="0" timestamp="7 Jan 2016 15:08:24 GMT" time="0.065" errors="0">
  <testcase name="testAllContains" time="0.022" classname="org.jclouds.ecs.EcsApiMetadataTest"/>
  <testcase name="testTransformableToContains" time="0.01" classname="org.jclouds.ecs.EcsApiMetadataTest"/>
  <testcase name="testWithId" time="0.01" classname="org.jclouds.ecs.EcsApiMetadataTest"/>
</testsuite> <!-- Default test -->
