<?xml version="1.0" encoding="UTF-8"?>
<testsuite name="TestSuite" time="3.198" tests="72" errors="0" skipped="0" failures="0">
  <properties>
[...]
</properties>
  <testcase name="testWithView" classname="org.jclouds.gogrid.binders.BindIdsToQueryParamsTest" time="0.033"/>
  <testcase name="testWithPrimitive" classname="org.jclouds.gogrid.binders.BindIdsToQueryParamsTest" time="0.033"/>
  <testcase name="testBinding" classname="org.jclouds.gogrid.binders.BindNamesToQueryParamsTest" time="0"/>
  <testcase name="testAllStatusCovered" classname="org.jclouds.gogrid.compute.config.GoGridComputeServiceContextModuleTest" time="0.047"/>
  <testcase name="testApplySetsTagFromNameAndCredentialsFromName" classname="org.jclouds.gogrid.compute.functions.ServerToNodeMetadataTest" time="0.578"/>
  <testcase name="testAs" classname="org.jclouds.gogrid.compute.options.GoGridTemplateOptionsTest" time="0.015"/>
  <testcase name="testDeleteById" classname="org.jclouds.gogrid.features.GridImageApiTest" time="0.126"/>
  <testcase name="testSaveImageFromServerNoOptions" classname="org.jclouds.gogrid.features.GridImageApiTest" time="0"/>
  <testcase name="testSaveImageOptions" classname="org.jclouds.gogrid.features.GridImageApiTest" time="0"/>
  <testcase name="testEditImageDescription" classname="org.jclouds.gogrid.features.GridImageApiTest" time="0.047"/>
  <testcase name="testEditImageFriendlyName" classname="org.jclouds.gogrid.features.GridImageApiTest" time="0.047"/>
  <testcase name="testGetImageListWithOptions" classname="org.jclouds.gogrid.features.GridImageApiTest" time="0.047"/>
  <testcase name="testGetImagesByName" classname="org.jclouds.gogrid.features.GridImageApiTest" time="0.047"/>
  <testcase name="testGetIpListWithOptions" classname="org.jclouds.gogrid.features.GridIpApiTest" time="0.078"/>
  <testcase name="testGetAssignedIpList" classname="org.jclouds.gogrid.features.GridIpApiTest" time="0.078"/>
  <testcase name="testGetJobListNoOptions" classname="org.jclouds.gogrid.features.GridJobApiTest" time="0.031"/>
  <testcase name="testGetJobsById" classname="org.jclouds.gogrid.features.GridJobApiTest" time="0.047"/>
  <testcase name="testGetJobListWithOptions" classname="org.jclouds.gogrid.features.GridJobApiTest" time="0.047"/>
  <testcase name="testGetJobsForServerName" classname="org.jclouds.gogrid.features.GridJobApiTest" time="0.047"/>
  <testcase name="testGetLoadBalancerList" classname="org.jclouds.gogrid.features.GridLoadBalancerApiTest" time="0.078"/>
  <testcase name="testGetLoadBalancersByName" classname="org.jclouds.gogrid.features.GridLoadBalancerApiTest" time="0"/>
  <testcase name="testEditLoadBalancer" classname="org.jclouds.gogrid.features.GridLoadBalancerApiTest" time="0.016"/>
  <testcase name="testDeleteLoadBalancerById" classname="org.jclouds.gogrid.features.GridLoadBalancerApiTest" time="0.016"/>
  <testcase name="testEditLoadBalancerNamed" classname="org.jclouds.gogrid.features.GridLoadBalancerApiTest" time="0.016"/>
  <testcase name="testAddLoadBalancer" classname="org.jclouds.gogrid.features.GridLoadBalancerApiTest" time="0.016"/>
  <testcase name="testEditServerRam" classname="org.jclouds.gogrid.features.GridServerApiTest" time="0.095"/>
  <testcase name="testEditServerDescription" classname="org.jclouds.gogrid.features.GridServerApiTest" time="0.11"/>
  <testcase name="testEditServerType" classname="org.jclouds.gogrid.features.GridServerApiTest" time="0"/>
  <testcase name="testGetServersById" classname="org.jclouds.gogrid.features.GridServerApiTest" time="0"/>
  <testcase name="testDeleteByName" classname="org.jclouds.gogrid.features.GridServerApiTest" time="0"/>
  <testcase name="testPowerServer" classname="org.jclouds.gogrid.features.GridServerApiTest" time="0"/>
  <testcase name="testGetServersByName" classname="org.jclouds.gogrid.features.GridServerApiTest" time="0"/>
  <testcase name="testTypes" classname="org.jclouds.gogrid.features.GridServerApiTest" time="0.031"/>
  <testcase name="testGetRamSizes" classname="org.jclouds.gogrid.features.GridServerApiTest" time="0.031"/>
  <testcase name="testServerCredentials" classname="org.jclouds.gogrid.features.GridServerApiTest" time="0.047"/>
  <testcase name="testGetServerListWithOptions" classname="org.jclouds.gogrid.features.GridServerApiTest" time="0.047"/>
  <testcase name="testGetServerCredentialsWhenNotFoundThrowsResourceNotFoundExceptionWithNiceMessage" classname="org.jclouds.gogrid.features.GridServerClientExpectTest" time="0.609"/>
  <testcase name="testGetServerListWhenReponseIs404IsEmpty" classname="org.jclouds.gogrid.features.GridServerClientExpectTest" time="0"/>
  <testcase name="testGetServerListWhenResponseIs2xx" classname="org.jclouds.gogrid.features.GridServerClientExpectTest" time="0.063"/>
  <testcase name="testAddServerWhenResponseIs2xx" classname="org.jclouds.gogrid.features.GridServerClientExpectTest" time="0.063"/>
  <testcase name="testAddServerWithOptionsWhenResponseIs2xx" classname="org.jclouds.gogrid.features.GridServerClientExpectTest" time="0.078"/>
  <testcase name="testGetServerListWithOptionsWhenResponseIs2xx" classname="org.jclouds.gogrid.features.GridServerClientExpectTest" time="0.157"/>
  <testcase name="testValid" classname="org.jclouds.gogrid.functions.ParseCredentialsFromJsonResponseTest" time="0.017"/>
  <testcase name="testFailWhenTooManyPasswords" classname="org.jclouds.gogrid.functions.ParseCredentialsFromJsonResponseTest" time="0.017"/>
  <testcase name="testApplyInputStreamDetails" classname="org.jclouds.gogrid.functions.ParseJobsFromJsonResponseTest" time="0.047"/>
  <testcase name="testApplyInputStreamDetails" classname="org.jclouds.gogrid.functions.ParseLoadBalancersFromJsonResponseTest" time="0.015"/>
  <testcase name="testApplyInputStreamDetails" classname="org.jclouds.gogrid.functions.ParseServerNameToCredentialsMapFromJsonResponseTest" time="0.016"/>
  <testcase name="testSync" classname="org.jclouds.gogrid.GoGridApiTest" time="0"/>
  <testcase name="testAllContains" classname="org.jclouds.gogrid.GoGridProviderTest" time="0"/>
  <testcase name="testWithId" classname="org.jclouds.gogrid.GoGridProviderTest" time="0"/>
  <testcase name="testOfApiContains" classname="org.jclouds.gogrid.GoGridProviderTest" time="0"/>
  <testcase name="testTransformableToContains" classname="org.jclouds.gogrid.GoGridProviderTest" time="0.015"/>
  <testcase name="testHandler" classname="org.jclouds.gogrid.handlers.GoGridErrorHandlerTest" time="0.015"/>
  <testcase name="testWith500LengthDescription" classname="org.jclouds.gogrid.options.AddServerOptionsTest" time="0"/>
  <testcase name="testAsSandboxType" classname="org.jclouds.gogrid.options.AddServerOptionsTest" time="0"/>
  <testcase name="testWith501LengthDescription" classname="org.jclouds.gogrid.options.AddServerOptionsTest" time="0"/>
  <testcase name="testWithDescription" classname="org.jclouds.gogrid.options.AddServerOptionsTest" time="0"/>
  <testcase name="testAssignability" classname="org.jclouds.gogrid.options.AddServerOptionsTest" time="0"/>
  <testcase name="testNullWithDescription" classname="org.jclouds.gogrid.options.AddServerOptionsTest" time="0"/>
  <testcase name="testWithDescriptionNPE" classname="org.jclouds.gogrid.options.AddServerOptionsTest" time="0.031"/>
  <testcase name="testWithDescriptionStatic" classname="org.jclouds.gogrid.options.AddServerOptionsTest" time="0.031"/>
  <testcase name="testAsSandboxTypeStatic" classname="org.jclouds.gogrid.options.AddServerOptionsTest" time="0.031"/>
  <testcase name="testAssignability" classname="org.jclouds.gogrid.options.SaveImageOptionsTest" time="0"/>
  <testcase name="testNullWithDescription" classname="org.jclouds.gogrid.options.SaveImageOptionsTest" time="0"/>
  <testcase name="testWith501LengthDescription" classname="org.jclouds.gogrid.options.SaveImageOptionsTest" time="0"/>
  <testcase name="testWith500LengthDescription" classname="org.jclouds.gogrid.options.SaveImageOptionsTest" time="0.016"/>
  <testcase name="testWithDescription" classname="org.jclouds.gogrid.options.SaveImageOptionsTest" time="0.016"/>
  <testcase name="testWithDescriptionStatic" classname="org.jclouds.gogrid.options.SaveImageOptionsTest" time="0.016"/>
  <testcase name="testWithDescriptionNPE" classname="org.jclouds.gogrid.options.SaveImageOptionsTest" time="0.016"/>
  <testcase name="test" classname="org.jclouds.gogrid.parse.ParseServerListTest" time="0.031"/>
  <testcase name="test" classname="org.jclouds.gogrid.parse.ParseServerTest" time="0.031"/>
  <testcase name="testPredicate" classname="org.jclouds.gogrid.predicates.ServerLatestJobCompletedTest" time="0.016"/>
</testsuite>