<?xml version="1.0" encoding="UTF-8"?>
<!-- Generated by org.testng.reporters.JUnitXMLReporter -->
<testsuite hostname="fdp" name="Default test" tests="4" failures="0" timestamp="11 Jan 2016 18:07:32 GMT" time="0.094" errors="0">
  <testcase name="testAllContains" time="0.031" classname="org.jclouds.aliyun.ecs.AliyunEcsProviderTest"/>
  <testcase name="testOfApiContains" time="0.016" classname="org.jclouds.aliyun.ecs.AliyunEcsProviderTest"/>
  <testcase name="testTransformableToContains" time="0.015" classname="org.jclouds.aliyun.ecs.AliyunEcsProviderTest"/>
  <testcase name="testWithId" time="0.016" classname="org.jclouds.aliyun.ecs.AliyunEcsProviderTest"/>
</testsuite> <!-- Default test -->
