<?xml version="1.0" encoding="UTF-8"?>
<!-- Generated by org.testng.reporters.JUnitXMLReporter -->
<testsuite hostname="fdp" name="Default test" tests="1" failures="1" timestamp="7 Jan 2016 14:12:09 GMT" time="1.31" errors="0">
  <testcase name="testAssignability" time="1.279" classname="org.jclouds.aliyun.ecs.AliyunEcsContextBuilderTest">
    <failure type="com.google.inject.CreationException" message="Guice creation errors:

1) No implementation for java.lang.String annotated with @com.google.inject.name.Named(value=jclouds.aws.header.tag) was bound.
  while locating java.lang.String annotated with @com.google.inject.name.Named(value=jclouds.aws.header.tag)
    for parameter 0 at org.jclouds.aws.util.AWSUtils.&amp;lt;init&amp;gt;(AWSUtils.java:76)
  while locating org.jclouds.aws.util.AWSUtils
    for parameter 0 at org.jclouds.aws.handlers.ParseAWSErrorFromXmlContent.&amp;lt;init&amp;gt;(ParseAWSErrorFromXmlContent.java:58)
  at org.jclouds.aws.config.AWSHttpApiModule.bindErrorHandlers(AWSHttpApiModule.java:65)

2) No implementation for java.lang.String annotated with @com.google.inject.name.Named(value=jclouds.aws.header.tag) was bound.
  while locating java.lang.String annotated with @com.google.inject.name.Named(value=jclouds.aws.header.tag)
    for parameter 0 at org.jclouds.aws.util.AWSUtils.&amp;lt;init&amp;gt;(AWSUtils.java:76)
  while locating org.jclouds.aws.util.AWSUtils
    for parameter 0 at org.jclouds.aws.handlers.ParseAWSErrorFromXmlContent.&amp;lt;init&amp;gt;(ParseAWSErrorFromXmlContent.java:58)
  at org.jclouds.aws.config.AWSHttpApiModule.bindErrorHandlers(AWSHttpApiModule.java:66)

3) No implementation for java.lang.String annotated with @com.google.inject.name.Named(value=jclouds.aws.header.tag) was bound.
  while locating java.lang.String annotated with @com.google.inject.name.Named(value=jclouds.aws.header.tag)
    for parameter 0 at org.jclouds.aws.util.AWSUtils.&amp;lt;init&amp;gt;(AWSUtils.java:76)
  while locating org.jclouds.aws.util.AWSUtils
    for parameter 0 at org.jclouds.aws.handlers.ParseAWSErrorFromXmlContent.&amp;lt;init&amp;gt;(ParseAWSErrorFromXmlContent.java:58)
  at org.jclouds.aws.config.AWSHttpApiModule.bindErrorHandlers(AWSHttpApiModule.java:67)

4) No implementation for java.lang.String annotated with @com.google.inject.name.Named(value=jclouds.aws.header.tag) was bound.
  while locating java.lang.String annotated with @com.google.inject.name.Named(value=jclouds.aws.header.tag)
    for parameter 0 at org.jclouds.aws.util.AWSUtils.&amp;lt;init&amp;gt;(AWSUtils.java:76)
  while locating org.jclouds.aws.util.AWSUtils
    for parameter 0 at org.jclouds.aws.handlers.AWSClientErrorRetryHandler.&amp;lt;init&amp;gt;(AWSClientErrorRetryHandler.java:44)
  at org.jclouds.aws.config.AWSHttpApiModule.bindRetryHandlers(AWSHttpApiModule.java:72)

5) No implementation for java.lang.String annotated with @com.google.inject.name.Named(value=jclouds.aws.header.tag) was bound.
  while locating java.lang.String annotated with @com.google.inject.name.Named(value=jclouds.aws.header.tag)
    for parameter 0 at org.jclouds.aws.util.AWSUtils.&amp;lt;init&amp;gt;(AWSUtils.java:76)
  while locating org.jclouds.aws.util.AWSUtils
    for parameter 0 at org.jclouds.aws.handlers.AWSServerErrorRetryHandler.&amp;lt;init&amp;gt;(AWSServerErrorRetryHandler.java:44)
  at org.jclouds.aws.config.AWSHttpApiModule.bindRetryHandlers(AWSHttpApiModule.java:73)

5 errors">
      <![CDATA[com.google.inject.CreationException: Guice creation errors:

1) No implementation for java.lang.String annotated with @com.google.inject.name.Named(value=jclouds.aws.header.tag) was bound.
  while locating java.lang.String annotated with @com.google.inject.name.Named(value=jclouds.aws.header.tag)
    for parameter 0 at org.jclouds.aws.util.AWSUtils.<init>(AWSUtils.java:76)
  while locating org.jclouds.aws.util.AWSUtils
    for parameter 0 at org.jclouds.aws.handlers.ParseAWSErrorFromXmlContent.<init>(ParseAWSErrorFromXmlContent.java:58)
  at org.jclouds.aws.config.AWSHttpApiModule.bindErrorHandlers(AWSHttpApiModule.java:65)

2) No implementation for java.lang.String annotated with @com.google.inject.name.Named(value=jclouds.aws.header.tag) was bound.
  while locating java.lang.String annotated with @com.google.inject.name.Named(value=jclouds.aws.header.tag)
    for parameter 0 at org.jclouds.aws.util.AWSUtils.<init>(AWSUtils.java:76)
  while locating org.jclouds.aws.util.AWSUtils
    for parameter 0 at org.jclouds.aws.handlers.ParseAWSErrorFromXmlContent.<init>(ParseAWSErrorFromXmlContent.java:58)
  at org.jclouds.aws.config.AWSHttpApiModule.bindErrorHandlers(AWSHttpApiModule.java:66)

3) No implementation for java.lang.String annotated with @com.google.inject.name.Named(value=jclouds.aws.header.tag) was bound.
  while locating java.lang.String annotated with @com.google.inject.name.Named(value=jclouds.aws.header.tag)
    for parameter 0 at org.jclouds.aws.util.AWSUtils.<init>(AWSUtils.java:76)
  while locating org.jclouds.aws.util.AWSUtils
    for parameter 0 at org.jclouds.aws.handlers.ParseAWSErrorFromXmlContent.<init>(ParseAWSErrorFromXmlContent.java:58)
  at org.jclouds.aws.config.AWSHttpApiModule.bindErrorHandlers(AWSHttpApiModule.java:67)

4) No implementation for java.lang.String annotated with @com.google.inject.name.Named(value=jclouds.aws.header.tag) was bound.
  while locating java.lang.String annotated with @com.google.inject.name.Named(value=jclouds.aws.header.tag)
    for parameter 0 at org.jclouds.aws.util.AWSUtils.<init>(AWSUtils.java:76)
  while locating org.jclouds.aws.util.AWSUtils
    for parameter 0 at org.jclouds.aws.handlers.AWSClientErrorRetryHandler.<init>(AWSClientErrorRetryHandler.java:44)
  at org.jclouds.aws.config.AWSHttpApiModule.bindRetryHandlers(AWSHttpApiModule.java:72)

5) No implementation for java.lang.String annotated with @com.google.inject.name.Named(value=jclouds.aws.header.tag) was bound.
  while locating java.lang.String annotated with @com.google.inject.name.Named(value=jclouds.aws.header.tag)
    for parameter 0 at org.jclouds.aws.util.AWSUtils.<init>(AWSUtils.java:76)
  while locating org.jclouds.aws.util.AWSUtils
    for parameter 0 at org.jclouds.aws.handlers.AWSServerErrorRetryHandler.<init>(AWSServerErrorRetryHandler.java:44)
  at org.jclouds.aws.config.AWSHttpApiModule.bindRetryHandlers(AWSHttpApiModule.java:73)

5 errors
	at com.google.inject.internal.Errors.throwCreationExceptionIfErrorsExist(Errors.java:435)
	at com.google.inject.internal.InternalInjectorCreator.initializeStatically(InternalInjectorCreator.java:154)
	at com.google.inject.internal.InternalInjectorCreator.build(InternalInjectorCreator.java:106)
	at com.google.inject.Guice.createInjector(Guice.java:95)
	at org.jclouds.ContextBuilder.buildInjector(ContextBuilder.java:402)
	at org.jclouds.ContextBuilder.buildInjector(ContextBuilder.java:326)
	at org.jclouds.ContextBuilder.buildView(ContextBuilder.java:608)
	at org.jclouds.aliyun.ecs.AliyunEcsContextBuilderTest.testAssignability(AliyunEcsContextBuilderTest.java:33)
	at sun.reflect.NativeMethodAccessorImpl.invoke0(Native Method)
	at sun.reflect.NativeMethodAccessorImpl.invoke(NativeMethodAccessorImpl.java:57)
	at sun.reflect.DelegatingMethodAccessorImpl.invoke(DelegatingMethodAccessorImpl.java:43)
	at java.lang.reflect.Method.invoke(Method.java:601)
	at org.testng.internal.MethodInvocationHelper.invokeMethod(MethodInvocationHelper.java:84)
	at org.testng.internal.Invoker.invokeMethod(Invoker.java:714)
	at org.testng.internal.Invoker.invokeTestMethod(Invoker.java:901)
	at org.testng.internal.Invoker.invokeTestMethods(Invoker.java:1231)
	at org.testng.internal.TestMethodWorker.invokeTestMethods(TestMethodWorker.java:127)
	at org.testng.internal.TestMethodWorker.run(TestMethodWorker.java:111)
	at org.testng.TestRunner.privateRun(TestRunner.java:767)
	at org.testng.TestRunner.run(TestRunner.java:617)
	at org.testng.SuiteRunner.runTest(SuiteRunner.java:334)
	at org.testng.SuiteRunner.runSequentially(SuiteRunner.java:329)
	at org.testng.SuiteRunner.privateRun(SuiteRunner.java:291)
	at org.testng.SuiteRunner.run(SuiteRunner.java:240)
	at org.testng.SuiteRunnerWorker.runSuite(SuiteRunnerWorker.java:52)
	at org.testng.SuiteRunnerWorker.run(SuiteRunnerWorker.java:86)
	at org.testng.TestNG.runSuitesSequentially(TestNG.java:1224)
	at org.testng.TestNG.runSuitesLocally(TestNG.java:1149)
	at org.testng.TestNG.run(TestNG.java:1057)
	at org.testng.remote.RemoteTestNG.run(RemoteTestNG.java:111)
	at org.testng.remote.RemoteTestNG.initAndRun(RemoteTestNG.java:204)
	at org.testng.remote.RemoteTestNG.main(RemoteTestNG.java:175)
]]>
    </failure>
  </testcase> <!-- testAssignability -->
</testsuite> <!-- Default test -->
