<?xml version="1.0" encoding="UTF-8"?>
<testng-results skipped="0" failed="0" total="1" passed="1">
  <reporter-output>
  </reporter-output>
  <suite name="Default suite" duration-ms="2489" started-at="2016-01-09T12:54:35Z" finished-at="2016-01-09T12:54:37Z">
    <groups>
      <group name="unit">
        <method signature="AliyunEcsContextBuilderTest.testAssignability()[pri:0, instance:org.jclouds.aliyun.ecs.AliyunEcsContextBuilderTest@47fc71]" name="testAssignability" class="org.jclouds.aliyun.ecs.AliyunEcsContextBuilderTest"/>
      </group> <!-- unit -->
    </groups>
    <test name="Default test" duration-ms="2489" started-at="2016-01-09T12:54:35Z" finished-at="2016-01-09T12:54:37Z">
      <class name="org.jclouds.aliyun.ecs.AliyunEcsContextBuilderTest">
        <test-method status="PASS" signature="testAssignability()[pri:0, instance:org.jclouds.aliyun.ecs.AliyunEcsContextBuilderTest@47fc71]" name="testAssignability" duration-ms="2457" started-at="2016-01-09T20:54:35Z" finished-at="2016-01-09T20:54:37Z">
          <reporter-output>
          </reporter-output>
        </test-method> <!-- testAssignability -->
      </class> <!-- org.jclouds.aliyun.ecs.AliyunEcsContextBuilderTest -->
    </test> <!-- Default test -->
  </suite> <!-- Default suite -->
</testng-results>
